<?xml version="1.0" encoding="UTF-8"?>
<!-- Generated by org.testng.reporters.JUnitReportReporter -->
<testsuite hostname="DESKTOP-0PCMJHH" failures="0" tests="20" name="testcases.EbayTest" time="292.792" errors="0" timestamp="2023-02-07T18:31:47 CST" skipped="0">
  <testcase classname="testcases.EbayTest" name="testcase1" time="26.732"/>
  <system-out/>
  <testcase classname="testcases.EbayTest" name="testcase2" time="10.314"/>
  <system-out/>
  <testcase classname="testcases.EbayTest" name="testcase3" time="11.213"/>
  <system-out/>
  <testcase classname="testcases.EbayTest" name="testcase4" time="9.268"/>
  <system-out/>
  <testcase classname="testcases.EbayTest" name="testcase5" time="23.672"/>
  <system-out/>
  <testcase classname="testcases.EbayTest" name="testcase6" time="7.092"/>
  <system-out/>
  <testcase classname="testcases.EbayTest" name="testcase7" time="27.880"/>
  <system-out/>
  <testcase classname="testcases.EbayTest" name="testcase8" time="10.154"/>
  <system-out/>
  <testcase classname="testcases.EbayTest" name="testcase9" time="10.060"/>
  <system-out/>
  <testcase classname="testcases.EbayTest" name="testcase10" time="10.571"/>
  <system-out/>
  <testcase classname="testcases.EbayTest" name="testcase11" time="8.034"/>
  <system-out/>
  <testcase classname="testcases.EbayTest" name="test12" time="9.857"/>
  <system-out/>
  <testcase classname="testcases.EbayTest" name="test13" time="9.564"/>
  <system-out/>
  <testcase classname="testcases.EbayTest" name="test14" time="26.619"/>
  <system-out/>
  <testcase classname="testcases.EbayTest" name="test15" time="8.409"/>
  <system-out/>
  <testcase classname="testcases.EbayTest" name="testcase16" time="8.681"/>
  <system-out/>
  <testcase classname="testcases.EbayTest" name="testcase17" time="26.061"/>
  <system-out/>
  <testcase classname="testcases.EbayTest" name="testcase18" time="8.279"/>
  <system-out/>
  <testcase classname="testcases.EbayTest" name="testcase19" time="26.720"/>
  <system-out/>
  <testcase classname="testcases.EbayTest" name="testcase20" time="13.612"/>
  <system-out/>
</testsuite> <!-- testcases.EbayTest -->
